0 info it worked if it ends with ok
1 verbose cli [ 'C:\\Program Files (x86)\\nodejs\\\\node.exe',
1 verbose cli   'C:\\Program Files (x86)\\nodejs\\node_modules\\npm\\bin\\npm-cli.js',
1 verbose cli   'install',
1 verbose cli   'git://github.com/bnoguchi/everyauth.git#express3' ]
2 info using npm@1.1.32
3 info using node@v0.8.0
4 verbose node symlink C:\Program Files (x86)\nodejs\\node.exe
5 verbose config file C:\Users\ohra\.npmrc
6 verbose config file C:\Program Files (x86)\nodejs\etc\npmrc
7 verbose config file C:\Program Files (x86)\nodejs\node_modules\npm\npmrc
8 verbose read json C:\work\GitHub\kissamaatti\package.json
9 verbose read json C:\work\GitHub\kissamaatti\node_modules\everyauth\package.json
10 verbose read json C:\work\GitHub\kissamaatti\node_modules\express\package.json
11 verbose read json C:\work\GitHub\kissamaatti\node_modules\gpio\package.json
12 verbose read json C:\work\GitHub\kissamaatti\node_modules\jade\package.json
13 verbose read json C:\work\GitHub\kissamaatti\node_modules\mongodb\package.json
14 verbose from cache C:\work\GitHub\kissamaatti\package.json
15 verbose readDependencies using package.json deps
16 verbose cache add [ 'git://github.com/bnoguchi/everyauth.git#express3', null ]
17 silly cache add name=undefined spec="git://github.com/bnoguchi/everyauth.git#express3" args=["git://github.com/bnoguchi/everyauth.git#express3",null]
18 verbose parsed url { protocol: 'git:',
18 verbose parsed url   slashes: true,
18 verbose parsed url   host: 'github.com',
18 verbose parsed url   hostname: 'github.com',
18 verbose parsed url   href: 'git://github.com/bnoguchi/everyauth.git#express3',
18 verbose parsed url   hash: '#express3',
18 verbose parsed url   pathname: '/bnoguchi/everyauth.git',
18 verbose parsed url   path: '/bnoguchi/everyauth.git' }
19 verbose addRemoteGit [ 'git://github.com/bnoguchi/everyauth.git', 'express3' ]
20 silly exec git "clone" "git://github.com/bnoguchi/everyauth.git" "C:\\Users\\ohra\\AppData\\Local\\Temp\\npm-1362928882937\\1362928882938-0.804222414502874"
21 silly git,clone,git://github.com/bnoguchi/everyauth.git,C:\Users\ohra\AppData\Local\Temp\npm-1362928882937\1362928882938-0.804222414502874, spawning
22 error git clone git://github.com/bnoguchi/everyauth.git CreateProcessW: The system cannot find the file specified.
23 error Error: `git "clone" "git://github.com/bnoguchi/everyauth.git" "C:\\Users\\ohra\\AppData\\Local\\Temp\\npm-1362928882937\\1362928882938-0.804222414502874"` failed with 127
23 error     at ChildProcess.<anonymous> (C:\Program Files (x86)\nodejs\node_modules\npm\lib\utils\exec.js:56:20)
23 error     at ChildProcess.EventEmitter.emit (events.js:91:17)
23 error     at Process._handle.onexit (child_process.js:674:10)
23 error  [Error: `git "clone" "git://github.com/bnoguchi/everyauth.git" "C:\\Users\\ohra\\AppData\\Local\\Temp\\npm-1362928882937\\1362928882938-0.804222414502874"` failed with 127]
24 error You may report this log at:
24 error     <http://github.com/isaacs/npm/issues>
24 error or email it to:
24 error     <npm-@googlegroups.com>
25 error System Windows_NT 6.1.7601
26 error command "C:\\Program Files (x86)\\nodejs\\\\node.exe" "C:\\Program Files (x86)\\nodejs\\node_modules\\npm\\bin\\npm-cli.js" "install" "git://github.com/bnoguchi/everyauth.git#express3"
27 error cwd C:\work\GitHub\kissamaatti
28 error node -v v0.8.0
29 error npm -v 1.1.32
30 error message `git "clone" "git://github.com/bnoguchi/everyauth.git" "C:\\Users\\ohra\\AppData\\Local\\Temp\\npm-1362928882937\\1362928882938-0.804222414502874"` failed with 127
31 verbose exit [ 1, true ]
